<?xml version="1.0" encoding="UTF-8"?>
<!-- Generated by org.testng.reporters.JUnitXMLReporter -->
<testsuite hostname="Bryans-Air" ignored="0" name="Default test" tests="3" failures="0" timestamp="16 Aug 2022 20:18:18 GMT" time="72.745" errors="0">
  <testcase name="register" time="16.968" classname="webDriverTestNG.AmazonTest"/>
  <testcase name="login" time="17.403" classname="webDriverTestNG.AmazonTest"/>
  <testcase name="addToCart" time="38.315" classname="webDriverTestNG.AmazonTest"/>
</testsuite> <!-- Default test -->
