<?xml version="1.0" encoding="UTF-8"?>
<testng-results skipped="0" failed="0" ignored="0" total="3" passed="3">
  <reporter-output>
  </reporter-output>
  <suite name="Default suite" duration-ms="72745" started-at="2022-08-16T20:17:06Z" finished-at="2022-08-16T20:18:18Z">
    <groups>
    </groups>
    <test name="Default test" duration-ms="72745" started-at="2022-08-16T20:17:06Z" finished-at="2022-08-16T20:18:18Z">
      <class name="webDriverTestNG.AmazonTest">
        <test-method status="PASS" signature="register()[pri:1, instance:webDriverTestNG.AmazonTest@d4342c2]" name="register" duration-ms="16968" started-at="2022-08-16T20:17:06Z" finished-at="2022-08-16T20:17:23Z">
          <reporter-output>
          </reporter-output>
        </test-method> <!-- register -->
        <test-method status="PASS" signature="login()[pri:2, instance:webDriverTestNG.AmazonTest@d4342c2]" name="login" duration-ms="17403" started-at="2022-08-16T20:17:23Z" finished-at="2022-08-16T20:17:40Z">
          <reporter-output>
          </reporter-output>
        </test-method> <!-- login -->
        <test-method status="PASS" signature="addToCart()[pri:3, instance:webDriverTestNG.AmazonTest@d4342c2]" name="addToCart" duration-ms="38315" started-at="2022-08-16T20:17:40Z" finished-at="2022-08-16T20:18:18Z">
          <reporter-output>
          </reporter-output>
        </test-method> <!-- addToCart -->
      </class> <!-- webDriverTestNG.AmazonTest -->
    </test> <!-- Default test -->
  </suite> <!-- Default suite -->
</testng-results>
